/*C2*/SET SCHEMA PUBLIC
DELETE FROM "mendixsystem$version" WHERE "versionnumber"='4.2'
INSERT INTO "mendixsystem$version" VALUES('4.2','2022-10-25 14:24:30.570000','4.1.0','unversioned','ecommerce-app','9.12.4.47318')
COMMIT
/*C3*/SET SCHEMA PUBLIC
DELETE FROM "mendixsystem$entityidentifier" WHERE "id"='d4154981-8dac-4150-aec5-efa3ef62a7a2'
INSERT INTO "mendixsystem$entityidentifier" VALUES('d4154981-8dac-4150-aec5-efa3ef62a7a2',2,11601)
COMMIT
INSERT INTO "system$xasinstance" VALUES(562949953432813,'12016986-1b3d-43a5-8682-e4ffd12ddf90','2022-10-27 01:10:13.861000',NULL,NULL,NULL,'2022-10-27 01:10:13.849000')
COMMIT
DELETE FROM "system$userrole" WHERE "id"=10133099161583617
INSERT INTO "system$userrole" VALUES(10133099161583617,'8dd52bfa-6d7e-453b-b506-303c0a3d9567','Administrator','')
DELETE FROM "system$userrole" WHERE "id"=10133099161583618
INSERT INTO "system$userrole" VALUES(10133099161583618,'53f5d6fa-6da9-4a71-b011-454ec052cce8','User','')
DELETE FROM "system$userrole" WHERE "id"=10133099161583717
INSERT INTO "system$userrole" VALUES(10133099161583717,'bbe285c4-2afe-42d7-8f05-520551f54681','Anonymous','')
COMMIT
/*C2*/DELETE FROM "system$user" WHERE "id"=10414574138294773
INSERT INTO "system$user" VALUES(10414574138294773,'demo_administrator','{BCrypt}$2a$10$FSqEVCofKkR4GY8gL4LGp.hwBzPFcHYfk30Zv.dP4yn.djN8Rczhm','2022-10-27 01:06:23.200000',FALSE,NULL,TRUE,0,FALSE,FALSE,'2022-10-20 16:16:29.591000','2022-10-27 01:10:15.068000','Administration.Account',10414574138294773,10414574138294773)
DELETE FROM "administration$account" WHERE "id"=10414574138294773
INSERT INTO "administration$account" VALUES(10414574138294773,'null null',NULL,TRUE,NULL,NULL,NULL,NULL,6)
COMMIT
/*C4*/SET SCHEMA PUBLIC
DELETE FROM "system$user" WHERE "id"=10414574138294774
INSERT INTO "system$user" VALUES(10414574138294774,'demo_user','{BCrypt}$2a$10$dY3/h4Gi2rtyqKHu6ulN4O4iCiyfyIRo4Ksv56iJQg9Fhjr4FaQQO',NULL,FALSE,NULL,TRUE,0,FALSE,FALSE,'2022-10-20 16:16:29.824000','2022-10-27 01:10:15.216000','Administration.Account',NULL,10414574138294774)
DELETE FROM "administration$account" WHERE "id"=10414574138294774
INSERT INTO "administration$account" VALUES(10414574138294774,'null null',NULL,TRUE,NULL,NULL,NULL,NULL,7)
COMMIT
/*C3*/DELETE FROM "system$user" WHERE "id"=281474976710857
INSERT INTO "system$user" VALUES(281474976710857,'demo_anonymous_user','{BCrypt}$2a$10$4CYCI9vZh.OrdI1Qugjpcu1Z6IR4j2C0w8YrqjUYIj.6z1DYMwiHC','2022-10-14 20:20:28.086000',FALSE,NULL,TRUE,0,FALSE,FALSE,'2022-10-14 10:32:36.610000','2022-10-14 10:32:36.610000','System.User',NULL,281474976710857)
COMMIT
DELETE FROM "mendixsystem$properties" WHERE "key"='Mendix.Runtime.DeploymentID'
INSERT INTO "mendixsystem$properties" VALUES('Mendix.Runtime.DeploymentID','638024621793889030')
COMMIT
DELETE FROM "system$session" WHERE "id"=5910974510934978
DELETE FROM "system$session_user" WHERE "system$sessionid"=5910974510934978 AND "system$userid"=10414574138294773
COMMIT
DELETE FROM "system$queuedtask" WHERE "id"=3659174697244230
INSERT INTO "system$queuedtask" VALUES(3659174697244230,186,'Idle','59651013-f9bc-4fc1-b435-276439b07899','System.ScheduledEventsQueue','ScheduledEvent',NULL,'MendixSSO.SE_DeleteExpiredAuthRequests',NULL,'{}',NULL,NULL,'2022-10-26 02:05:54.732000','2022-10-27 02:00:00.000000',NULL,0,NULL,'MendixSSO.DeleteExpiredAuthRequests',NULL)
DELETE FROM "system$queuedtask" WHERE "id"=3659174697244229
INSERT INTO "system$queuedtask" VALUES(3659174697244229,185,'Idle','59651013-f9bc-4fc1-b435-276439b07899','System.ScheduledEventsQueue','ScheduledEvent',NULL,'MendixSSO.SE_DeleteExpiredTokens',NULL,'{}',NULL,NULL,'2022-10-26 02:05:54.434000','2022-10-27 02:00:00.000000',NULL,0,NULL,'MendixSSO.DeleteExpiredTokens',NULL)
COMMIT
DELETE FROM "system$xasinstance" WHERE "id"=562949953432813
INSERT INTO "system$xasinstance" VALUES(562949953432813,'12016986-1b3d-43a5-8682-e4ffd12ddf90','2022-10-27 01:10:16.867000',NULL,NULL,NULL,'2022-10-27 01:10:13.849000')
COMMIT
/*C4*/DELETE FROM "system$user" WHERE "id"=281474976710757
INSERT INTO "system$user" VALUES(281474976710757,'MxAdmin','{BCrypt}$2a$10$jWA5U1vvOgZa6jMXZnKjtOvaeSLt96UPcpWiZOvH5v4MX9QpKk3YS',NULL,FALSE,NULL,TRUE,0,FALSE,FALSE,'2022-10-14 09:45:29.696000','2022-10-14 09:45:29.696000','System.User',NULL,281474976710757)
COMMIT
DELETE FROM "mendixsystem$entityidentifier" WHERE "id"='282e2e60-88a5-469d-84a5-ba8d9151644f'
INSERT INTO "mendixsystem$entityidentifier" VALUES('282e2e60-88a5-469d-84a5-ba8d9151644f',1,11401)
COMMIT
INSERT INTO "system$user" VALUES(281474976721957,'Anonymous_51c35477-e687-47a9-ba8d-ba7b762474a8','{BCrypt}$2a$10$ansd6SHd9ifuRKxluFJ4.uOOWJ84NYX54HUc62M1S4f6mbBSkODou','2022-10-27 01:10:51.383000',FALSE,NULL,TRUE,0,FALSE,TRUE,'2022-10-27 01:10:51.288000','2022-10-27 01:10:51.288000','System.User',NULL,281474976721957)
INSERT INTO "system$userroles" VALUES(281474976721957,10133099161583717)
INSERT INTO "system$user_language" VALUES(281474976721957,14918173765664769)
COMMIT
DELETE FROM "system$user" WHERE "id"=281474976721957
INSERT INTO "system$user" VALUES(281474976721957,'Anonymous_51c35477-e687-47a9-ba8d-ba7b762474a8','{BCrypt}$2a$10$ansd6SHd9ifuRKxluFJ4.uOOWJ84NYX54HUc62M1S4f6mbBSkODou','2022-10-27 01:10:51.401000',FALSE,NULL,TRUE,0,FALSE,TRUE,'2022-10-27 01:10:51.288000','2022-10-27 01:10:51.288000','System.User',NULL,281474976721957)
COMMIT
/*C2*/DELETE FROM "mendixsystem$entityidentifier" WHERE "id"='37f9fd49-5318-4c63-9a51-f761779b202f'
INSERT INTO "mendixsystem$entityidentifier" VALUES('37f9fd49-5318-4c63-9a51-f761779b202f',21,11401)
COMMIT
INSERT INTO "system$session" VALUES(5910974510935077,'677a80b6-128c-44e0-999a-894a16d00d1f','09d2e2b8-55d9-43f4-8474-e320bdc2b1c7','2022-10-27 01:10:51.455000',FALSE,'a83fe38c-f4eb-4b40-b62e-d485ae2bf116',NULL,'2022-10-27 01:10:51.455000')
INSERT INTO "system$session_user" VALUES(5910974510935077,281474976721957)
COMMIT
DELETE FROM "system$session" WHERE "id"=5910974510935077
INSERT INTO "system$session" VALUES(5910974510935077,'677a80b6-128c-44e0-999a-894a16d00d1f','09d2e2b8-55d9-43f4-8474-e320bdc2b1c7','2022-10-27 01:10:51.464000',FALSE,'a83fe38c-f4eb-4b40-b62e-d485ae2bf116',NULL,'2022-10-27 01:10:51.455000')
COMMIT
DELETE FROM "system$xasinstance" WHERE "id"=562949953432813
INSERT INTO "system$xasinstance" VALUES(562949953432813,'12016986-1b3d-43a5-8682-e4ffd12ddf90','2022-10-27 01:15:16.881000',NULL,NULL,NULL,'2022-10-27 01:10:13.849000')
COMMIT
/*C4*/DELETE FROM "system$session" WHERE "id"=5910974510935077
INSERT INTO "system$session" VALUES(5910974510935077,'677a80b6-128c-44e0-999a-894a16d00d1f','09d2e2b8-55d9-43f4-8474-e320bdc2b1c7','2022-10-27 01:15:53.000000',FALSE,'a83fe38c-f4eb-4b40-b62e-d485ae2bf116',NULL,'2022-10-27 01:10:51.455000')
COMMIT
DELETE FROM "system$xasinstance" WHERE "id"=562949953432813
INSERT INTO "system$xasinstance" VALUES(562949953432813,'12016986-1b3d-43a5-8682-e4ffd12ddf90','2022-10-27 01:20:16.890000',NULL,NULL,NULL,'2022-10-27 01:10:13.849000')
COMMIT
DELETE FROM "system$session" WHERE "id"=5910974510935077
INSERT INTO "system$session" VALUES(5910974510935077,'677a80b6-128c-44e0-999a-894a16d00d1f','09d2e2b8-55d9-43f4-8474-e320bdc2b1c7','2022-10-27 01:20:52.975000',FALSE,'a83fe38c-f4eb-4b40-b62e-d485ae2bf116',NULL,'2022-10-27 01:10:51.455000')
COMMIT
/*C2*/DISCONNECT
/*C4*/DELETE FROM "system$xasinstance" WHERE "id"=562949953432813
INSERT INTO "system$xasinstance" VALUES(562949953432813,'12016986-1b3d-43a5-8682-e4ffd12ddf90','2022-10-27 01:25:16.907000',NULL,NULL,NULL,'2022-10-27 01:10:13.849000')
COMMIT
DELETE FROM "system$session" WHERE "id"=5910974510935077
INSERT INTO "system$session" VALUES(5910974510935077,'677a80b6-128c-44e0-999a-894a16d00d1f','09d2e2b8-55d9-43f4-8474-e320bdc2b1c7','2022-10-27 01:25:52.652000',FALSE,'a83fe38c-f4eb-4b40-b62e-d485ae2bf116',NULL,'2022-10-27 01:10:51.455000')
COMMIT
DELETE FROM "system$xasinstance" WHERE "id"=562949953432813
INSERT INTO "system$xasinstance" VALUES(562949953432813,'12016986-1b3d-43a5-8682-e4ffd12ddf90','2022-10-27 01:30:16.919000',NULL,NULL,NULL,'2022-10-27 01:10:13.849000')
COMMIT
/*C5*/SET SCHEMA PUBLIC
DELETE FROM "system$session" WHERE "id"=5910974510935077
INSERT INTO "system$session" VALUES(5910974510935077,'677a80b6-128c-44e0-999a-894a16d00d1f','09d2e2b8-55d9-43f4-8474-e320bdc2b1c7','2022-10-27 01:30:52.951000',FALSE,'a83fe38c-f4eb-4b40-b62e-d485ae2bf116',NULL,'2022-10-27 01:10:51.455000')
COMMIT
/*C3*/DELETE FROM "system$xasinstance" WHERE "id"=562949953432813
INSERT INTO "system$xasinstance" VALUES(562949953432813,'12016986-1b3d-43a5-8682-e4ffd12ddf90','2022-10-27 01:35:16.932000',NULL,NULL,NULL,'2022-10-27 01:10:13.849000')
COMMIT
DELETE FROM "system$session" WHERE "id"=5910974510935077
INSERT INTO "system$session" VALUES(5910974510935077,'677a80b6-128c-44e0-999a-894a16d00d1f','09d2e2b8-55d9-43f4-8474-e320bdc2b1c7','2022-10-27 01:36:15.483000',FALSE,'a83fe38c-f4eb-4b40-b62e-d485ae2bf116',NULL,'2022-10-27 01:10:51.455000')
COMMIT
DELETE FROM "system$xasinstance" WHERE "id"=562949953432813
INSERT INTO "system$xasinstance" VALUES(562949953432813,'12016986-1b3d-43a5-8682-e4ffd12ddf90','2022-10-27 01:40:14.464000',NULL,NULL,NULL,'2022-10-27 01:10:13.849000')
COMMIT
/*C5*/DELETE FROM "system$session" WHERE "id"=5910974510935077
INSERT INTO "system$session" VALUES(5910974510935077,'677a80b6-128c-44e0-999a-894a16d00d1f','09d2e2b8-55d9-43f4-8474-e320bdc2b1c7','2022-10-27 01:41:15.516000',FALSE,'a83fe38c-f4eb-4b40-b62e-d485ae2bf116',NULL,'2022-10-27 01:10:51.455000')
COMMIT
/*C3*/DELETE FROM "system$xasinstance" WHERE "id"=562949953432813
INSERT INTO "system$xasinstance" VALUES(562949953432813,'12016986-1b3d-43a5-8682-e4ffd12ddf90','2022-10-27 01:45:14.474000',NULL,NULL,NULL,'2022-10-27 01:10:13.849000')
COMMIT
/*C4*/DELETE FROM "system$session" WHERE "id"=5910974510935077
INSERT INTO "system$session" VALUES(5910974510935077,'677a80b6-128c-44e0-999a-894a16d00d1f','09d2e2b8-55d9-43f4-8474-e320bdc2b1c7','2022-10-27 01:46:15.492000',FALSE,'a83fe38c-f4eb-4b40-b62e-d485ae2bf116',NULL,'2022-10-27 01:10:51.455000')
COMMIT
/*C5*/DELETE FROM "system$xasinstance" WHERE "id"=562949953432813
INSERT INTO "system$xasinstance" VALUES(562949953432813,'12016986-1b3d-43a5-8682-e4ffd12ddf90','2022-10-27 01:50:14.487000',NULL,NULL,NULL,'2022-10-27 01:10:13.849000')
COMMIT
/*C3*/DELETE FROM "system$session" WHERE "id"=5910974510935077
INSERT INTO "system$session" VALUES(5910974510935077,'677a80b6-128c-44e0-999a-894a16d00d1f','09d2e2b8-55d9-43f4-8474-e320bdc2b1c7','2022-10-27 01:51:15.474000',FALSE,'a83fe38c-f4eb-4b40-b62e-d485ae2bf116',NULL,'2022-10-27 01:10:51.455000')
COMMIT
/*C4*/DELETE FROM "system$xasinstance" WHERE "id"=562949953432813
INSERT INTO "system$xasinstance" VALUES(562949953432813,'12016986-1b3d-43a5-8682-e4ffd12ddf90','2022-10-27 01:55:14.502000',NULL,NULL,NULL,'2022-10-27 01:10:13.849000')
COMMIT
/*C5*/DELETE FROM "system$session" WHERE "id"=5910974510935077
INSERT INTO "system$session" VALUES(5910974510935077,'677a80b6-128c-44e0-999a-894a16d00d1f','09d2e2b8-55d9-43f4-8474-e320bdc2b1c7','2022-10-27 01:56:15.479000',FALSE,'a83fe38c-f4eb-4b40-b62e-d485ae2bf116',NULL,'2022-10-27 01:10:51.455000')
COMMIT
/*C4*/DELETE FROM "system$queuedtask" WHERE "id"=3659174697244229
DELETE FROM "system$queuedtask" WHERE "id"=3659174697244230
INSERT INTO "system$queuedtask" VALUES(3659174697244229,185,'Running','59651013-f9bc-4fc1-b435-276439b07899','System.ScheduledEventsQueue','ScheduledEvent',NULL,'MendixSSO.SE_DeleteExpiredTokens',NULL,'{}','12016986-1b3d-43a5-8682-e4ffd12ddf90',36,'2022-10-26 02:05:54.434000','2022-10-27 02:00:00.000000','2022-10-27 02:00:00.847000',0,NULL,'MendixSSO.DeleteExpiredTokens',NULL)
INSERT INTO "system$queuedtask" VALUES(3659174697244230,186,'Running','59651013-f9bc-4fc1-b435-276439b07899','System.ScheduledEventsQueue','ScheduledEvent',NULL,'MendixSSO.SE_DeleteExpiredAuthRequests',NULL,'{}','12016986-1b3d-43a5-8682-e4ffd12ddf90',36,'2022-10-26 02:05:54.732000','2022-10-27 02:00:00.000000','2022-10-27 02:00:00.854000',0,NULL,'MendixSSO.DeleteExpiredAuthRequests',NULL)
COMMIT
DELETE FROM "mendixsystem$entityidentifier" WHERE "id"='685df5a6-1e02-49bb-a0b5-5a55c5e8313d'
INSERT INTO "mendixsystem$entityidentifier" VALUES('685df5a6-1e02-49bb-a0b5-5a55c5e8313d',17,5801)
COMMIT
/*C5*/INSERT INTO "system$scheduledeventinformation" VALUES(4785074604086854,'MendixSSO.DeleteExpiredTokens','','2022-10-27 02:00:00.866000',NULL,'Running')
INSERT INTO "system$scheduledeventinformation_xasinstance" VALUES(4785074604086854,562949953432813)
COMMIT
/*C4*/INSERT INTO "system$scheduledeventinformation" VALUES(4785074604086853,'MendixSSO.DeleteExpiredAuthRequests','','2022-10-27 02:00:00.866000',NULL,'Running')
INSERT INTO "system$scheduledeventinformation_xasinstance" VALUES(4785074604086853,562949953432813)
COMMIT
/*C5*/DELETE FROM "system$scheduledeventinformation" WHERE "id"=4785074604086854
INSERT INTO "system$scheduledeventinformation" VALUES(4785074604086854,'MendixSSO.DeleteExpiredTokens','','2022-10-27 02:00:00.866000','2022-10-27 02:00:00.906000','Completed')
COMMIT
/*C4*/DELETE FROM "system$scheduledeventinformation" WHERE "id"=4785074604086853
INSERT INTO "system$scheduledeventinformation" VALUES(4785074604086853,'MendixSSO.DeleteExpiredAuthRequests','','2022-10-27 02:00:00.866000','2022-10-27 02:00:00.906000','Completed')
COMMIT
DELETE FROM "mendixsystem$entityidentifier" WHERE "id"='c6c131c8-8779-4213-9b26-a64e141f26a8'
INSERT INTO "mendixsystem$entityidentifier" VALUES('c6c131c8-8779-4213-9b26-a64e141f26a8',13,5901)
COMMIT
ALTER SEQUENCE PUBLIC."system$queuedtask_sequence_mxseq" RESTART WITH 189
/*C5*/ALTER SEQUENCE PUBLIC."system$queuedtask_sequence_mxseq" RESTART WITH 189
/*C3*/DELETE FROM "mendixsystem$entityidentifier" WHERE "id"='eb5c32a1-85ec-49d1-8bca-ecca779cd539'
INSERT INTO "mendixsystem$entityidentifier" VALUES('eb5c32a1-85ec-49d1-8bca-ecca779cd539',50,5801)
COMMIT
/*C5*/INSERT INTO "system$queuedtask" VALUES(3659174697244329,187,'Idle','59651013-f9bc-4fc1-b435-276439b07899','System.ScheduledEventsQueue','ScheduledEvent',NULL,'MendixSSO.SE_DeleteExpiredAuthRequests',NULL,'{}',NULL,NULL,'2022-10-27 02:00:00.919000','2022-10-27 03:00:00.000000',NULL,0,NULL,'MendixSSO.DeleteExpiredAuthRequests',NULL)
INSERT INTO "system$processedqueuetask" VALUES(14073748835538502,186,'Completed','59651013-f9bc-4fc1-b435-276439b07899','System.ScheduledEventsQueue','ScheduledEvent',NULL,'MendixSSO.SE_DeleteExpiredAuthRequests',NULL,'{}','12016986-1b3d-43a5-8682-e4ffd12ddf90',36,'2022-10-26 02:05:54.732000','2022-10-27 02:00:00.000000','2022-10-27 02:00:00.854000','2022-10-27 02:00:00.930000',76,0,NULL,'MendixSSO.DeleteExpiredAuthRequests',NULL)
DELETE FROM "system$queuedtask" WHERE "id"=3659174697244230
COMMIT
/*C4*/INSERT INTO "system$queuedtask" VALUES(3659174697244330,188,'Idle','59651013-f9bc-4fc1-b435-276439b07899','System.ScheduledEventsQueue','ScheduledEvent',NULL,'MendixSSO.SE_DeleteExpiredTokens',NULL,'{}',NULL,NULL,'2022-10-27 02:00:00.919000','2022-10-27 03:00:00.000000',NULL,0,NULL,'MendixSSO.DeleteExpiredTokens',NULL)
INSERT INTO "system$processedqueuetask" VALUES(14073748835538501,185,'Completed','59651013-f9bc-4fc1-b435-276439b07899','System.ScheduledEventsQueue','ScheduledEvent',NULL,'MendixSSO.SE_DeleteExpiredTokens',NULL,'{}','12016986-1b3d-43a5-8682-e4ffd12ddf90',36,'2022-10-26 02:05:54.434000','2022-10-27 02:00:00.000000','2022-10-27 02:00:00.847000','2022-10-27 02:00:00.930000',83,0,NULL,'MendixSSO.DeleteExpiredTokens',NULL)
DELETE FROM "system$queuedtask" WHERE "id"=3659174697244229
COMMIT
DELETE FROM "system$xasinstance" WHERE "id"=562949953432813
INSERT INTO "system$xasinstance" VALUES(562949953432813,'12016986-1b3d-43a5-8682-e4ffd12ddf90','2022-10-27 02:00:14.505000',NULL,NULL,NULL,'2022-10-27 01:10:13.849000')
COMMIT
/*C5*/DELETE FROM "system$session" WHERE "id"=5910974510935077
INSERT INTO "system$session" VALUES(5910974510935077,'677a80b6-128c-44e0-999a-894a16d00d1f','09d2e2b8-55d9-43f4-8474-e320bdc2b1c7','2022-10-27 02:01:15.485000',FALSE,'a83fe38c-f4eb-4b40-b62e-d485ae2bf116',NULL,'2022-10-27 01:10:51.455000')
COMMIT
